app/build/outputs/logs/manifest-merger-debug-report.txt
-- Merging decision tree log ---
manifest
ADDED from src/main/AndroidManifest.xml:19:1-62:12
	package
		ADDED from src/main/AndroidManifest.xml:20:9-53
		INJECTED from src/main/AndroidManifest.xml
		INJECTED from src/main/AndroidManifest.xml
	android:versionName
		ADDED from src/main/AndroidManifest.xml:22:9-34
		INJECTED from src/main/AndroidManifest.xml
		INJECTED from src/main/AndroidManifest.xml
	android:versionCode
		ADDED from src/main/AndroidManifest.xml:21:9-32
		INJECTED from src/main/AndroidManifest.xml
		INJECTED from src/main/AndroidManifest.xml
	xmlns:android
		ADDED from src/main/AndroidManifest.xml:19:11-69
uses-sdk
ADDED from src/main/AndroidManifest.xml:24:5-73
	android:targetSdkVersion
		ADDED from src/main/AndroidManifest.xml:24:41-70
		INJECTED from src/main/AndroidManifest.xml
		INJECTED from src/main/AndroidManifest.xml
	android:minSdkVersion
		ADDED from src/main/AndroidManifest.xml:24:15-40
		INJECTED from src/main/AndroidManifest.xml
		INJECTED from src/main/AndroidManifest.xml
application
ADDED from src/main/AndroidManifest.xml:26:5-61:19
	android:label
		ADDED from src/main/AndroidManifest.xml:26:18-50
	android:icon
		ADDED from src/main/AndroidManifest.xml:27:18-56
activity#com.example.android.searchabledict.SearchableDictionary
ADDED from src/main/AndroidManifest.xml:30:9-48:20
	android:launchMode
		ADDED from src/main/AndroidManifest.xml:31:19-49
	android:name
		ADDED from src/main/AndroidManifest.xml:30:19-55
intent-filter#android.intent.action.MAIN+android.intent.category.LAUNCHER
ADDED from src/main/AndroidManifest.xml:33:13-36:29
action#android.intent.action.MAIN
ADDED from src/main/AndroidManifest.xml:34:17-69
	android:name
		ADDED from src/main/AndroidManifest.xml:34:25-66
category#android.intent.category.LAUNCHER
ADDED from src/main/AndroidManifest.xml:35:17-77
	android:name
		ADDED from src/main/AndroidManifest.xml:35:27-74
intent-filter#android.intent.action.SEARCH
ADDED from src/main/AndroidManifest.xml:39:13-42:29
action#android.intent.action.SEARCH
ADDED from src/main/AndroidManifest.xml:40:17-71
	android:name
		ADDED from src/main/AndroidManifest.xml:40:25-68
meta-data#android.app.searchable
ADDED from src/main/AndroidManifest.xml:45:13-46:61
	android:resource
		ADDED from src/main/AndroidManifest.xml:46:24-58
	android:name
		ADDED from src/main/AndroidManifest.xml:45:24-61
activity#com.example.android.searchabledict.WordActivity
ADDED from src/main/AndroidManifest.xml:51:9-50
	android:name
		ADDED from src/main/AndroidManifest.xml:51:19-47
provider#com.example.android.searchabledict.DictionaryProvider
ADDED from src/main/AndroidManifest.xml:54:9-55:97
	android:authorities
		ADDED from src/main/AndroidManifest.xml:55:19-94
	android:name
		ADDED from src/main/AndroidManifest.xml:54:19-53
meta-data#android.app.default_searchable
ADDED from src/main/AndroidManifest.xml:58:9-59:60
	android:value
		ADDED from src/main/AndroidManifest.xml:59:20-57
	android:name
		ADDED from src/main/AndroidManifest.xml:58:20-65